<?xml version="1.0" encoding="UTF-8"?>
<!-- Generated by org.testng.reporters.JUnitReportReporter -->
<testsuite skipped="0" hostname="Sumairs-MacBook-Pro.local" name="com.syntax.lsu.testcases.ExcelUtility" tests="1" failures="0" timestamp="20 Jun 2019 01:22:01 GMT" time="0.554" errors="0">
  <testcase name="readExcelData" time="0.554" classname="com.syntax.lsu.testcases.ExcelUtility"/>
</testsuite> <!-- com.syntax.lsu.testcases.ExcelUtility -->
