<?xml version="1.0" encoding="UTF-8"?>
<!-- Generated by org.testng.reporters.JUnitReportReporter -->
<testsuite skipped="0" hostname="Sumairs-MacBook-Pro.local" name="com.syntax.lsu.testcases.LoginPageWithInVC" tests="1" failures="0" timestamp="13 Jun 2019 01:41:25 GMT" time="3.968" errors="0">
  <testcase name="loginWithInvC" time="3.968" classname="com.syntax.lsu.testcases.LoginPageWithInVC"/>
</testsuite> <!-- com.syntax.lsu.testcases.LoginPageWithInVC -->
