<?xml version="1.0" encoding="UTF-8"?>
<!-- Generated by org.testng.reporters.JUnitReportReporter -->
<testsuite skipped="0" hostname="Sumairs-MacBook-Pro.local" name="com.syntax.lsu.testcases.SimpeArrayObj" tests="3" failures="0" timestamp="20 Jun 2019 00:17:17 GMT" time="0.014" errors="0">
  <testcase name="arrayData" time="0.002" classname="com.syntax.lsu.testcases.SimpeArrayObj"/>
  <testcase name="arrayData" time="0.002" classname="com.syntax.lsu.testcases.SimpeArrayObj"/>
  <testcase name="arrayData" time="0.010" classname="com.syntax.lsu.testcases.SimpeArrayObj"/>
</testsuite> <!-- com.syntax.lsu.testcases.SimpeArrayObj -->
