<?xml version="1.0" encoding="UTF-8"?>
<!-- Generated by org.testng.reporters.JUnitReportReporter -->
<testsuite skipped="0" hostname="Sumairs-MacBook-Pro.local" name="com.syntax.lsu.testcases.LoginTestWithOutPageF" tests="1" failures="0" timestamp="13 Jun 2019 01:48:59 GMT" time="4.722" errors="0">
  <testcase name="loginWithOutPf" time="4.722" classname="com.syntax.lsu.testcases.LoginTestWithOutPageF"/>
</testsuite> <!-- com.syntax.lsu.testcases.LoginTestWithOutPageF -->
